2019-11-18 14:39:15,315 -  common.basepage -INFO - 等待元素 ('xpath', '//button[@class="ant-btn ant-btn-primary"]') 可见。 - [basepage.py:24 ]
2019-11-18 14:39:15,316 -  common.basepage -ERROR - 等待元素可见失败： - [basepage.py:35 ]
Traceback (most recent call last):
  File "D:\B2B\common\basepage.py", line 28, in wait_eleVisible
    WebDriverWait(self.driver,timeout,frequency).until(EC.visibility_of_element_located(loc))
  File "E:\Python3\lib\site-packages\selenium\webdriver\support\wait.py", line 71, in until
    value = method(self._driver)
  File "E:\Python3\lib\site-packages\selenium\webdriver\support\expected_conditions.py", line 128, in __call__
    return _element_if_visible(_find_element(driver, self.locator))
  File "E:\Python3\lib\site-packages\selenium\webdriver\support\expected_conditions.py", line 411, in _find_element
    return driver.find_element(*by)
AttributeError: 'generator' object has no attribute 'find_element'
2019-11-18 14:39:15,370 -  common.basepage -ERROR - 网页截屏失败！ - [basepage.py:186 ]
Traceback (most recent call last):
  File "D:\B2B\common\basepage.py", line 28, in wait_eleVisible
    WebDriverWait(self.driver,timeout,frequency).until(EC.visibility_of_element_located(loc))
  File "E:\Python3\lib\site-packages\selenium\webdriver\support\wait.py", line 71, in until
    value = method(self._driver)
  File "E:\Python3\lib\site-packages\selenium\webdriver\support\expected_conditions.py", line 128, in __call__
    return _element_if_visible(_find_element(driver, self.locator))
  File "E:\Python3\lib\site-packages\selenium\webdriver\support\expected_conditions.py", line 411, in _find_element
    return driver.find_element(*by)
AttributeError: 'generator' object has no attribute 'find_element'

During handling of the above exception, another exception occurred:

Traceback (most recent call last):
  File "D:\B2B\common\basepage.py", line 183, in save_web_screenshot
    self.driver.save_screenshot(screenshot_dir +"/" + filepath)
AttributeError: 'generator' object has no attribute 'save_screenshot'
2019-11-18 14:40:05,064 -  common.basepage -INFO - 等待元素 ('xpath', '//input[@name="phone"]') 可见。 - [basepage.py:24 ]
2019-11-18 14:40:05,096 -  common.basepage -INFO - 开始等待时间点：2019-11-18 14:40:05.065417，结束等待时间点：2019-11-18 14:40:05.096420，等待时长为：0:00:00.031003 - [basepage.py:32 ]
2019-11-18 14:40:05,096 -  common.basepage -INFO - 查找 输入手机号 中的元素 ('xpath', '//input[@name="phone"]')  - [basepage.py:64 ]
2019-11-18 14:40:05,103 -  common.basepage -INFO -  给元素 ('xpath', '//input[@name="phone"]') 输入文本内容:('17625188013',) - [basepage.py:122 ]
2019-11-18 14:40:05,232 -  common.basepage -INFO - 等待元素 ('xpath', '//input[@name="phoneCode"]') 可见。 - [basepage.py:24 ]
2019-11-18 14:40:05,258 -  common.basepage -INFO - 开始等待时间点：2019-11-18 14:40:05.232433，结束等待时间点：2019-11-18 14:40:05.258436，等待时长为：0:00:00.026003 - [basepage.py:32 ]
2019-11-18 14:40:05,258 -  common.basepage -INFO - 查找 输入验证码 中的元素 ('xpath', '//input[@name="phoneCode"]')  - [basepage.py:64 ]
2019-11-18 14:40:05,267 -  common.basepage -INFO -  给元素 ('xpath', '//input[@name="phoneCode"]') 输入文本内容:('sD2q',) - [basepage.py:122 ]
2019-11-18 14:40:05,331 -  common.basepage -INFO - 等待元素 ('xpath', '//a[@class="login"]') 可见。 - [basepage.py:24 ]
2019-11-18 14:40:05,369 -  common.basepage -INFO - 开始等待时间点：2019-11-18 14:40:05.331443，结束等待时间点：2019-11-18 14:40:05.369447，等待时长为：0:00:00.038004 - [basepage.py:32 ]
2019-11-18 14:40:05,369 -  common.basepage -INFO - 查找 登录 中的元素 ('xpath', '//a[@class="login"]')  - [basepage.py:64 ]
2019-11-18 14:40:05,378 -  common.basepage -INFO -  点击元素 ('xpath', '//a[@class="login"]') - [basepage.py:89 ]
2019-11-18 14:40:16,196 -  common.basepage -INFO - 等待元素 ('xpath', '//a[@href="https://shop.yjq.com/shoppingCenter/shoppingList"]') 可见。 - [basepage.py:24 ]
2019-11-18 14:40:16,240 -  common.basepage -INFO - 开始等待时间点：2019-11-18 14:40:16.197530，结束等待时间点：2019-11-18 14:40:16.240534，等待时长为：0:00:00.043004 - [basepage.py:32 ]
2019-11-18 14:40:16,240 -  common.basepage -INFO - 查找 进入采购单 中的元素 ('xpath', '//a[@href="https://shop.yjq.com/shoppingCenter/shoppingList"]')  - [basepage.py:64 ]
2019-11-18 14:40:16,251 -  common.basepage -INFO -  点击元素 ('xpath', '//a[@href="https://shop.yjq.com/shoppingCenter/shoppingList"]') - [basepage.py:89 ]
2019-11-18 14:40:17,357 -  common.basepage -INFO - 等待元素 ('xpath', '//input[@class="s-input"]') 可见。 - [basepage.py:24 ]
2019-11-18 14:40:47,809 -  common.basepage -ERROR - 等待元素可见失败： - [basepage.py:35 ]
Traceback (most recent call last):
  File "D:\B2B\common\basepage.py", line 28, in wait_eleVisible
    WebDriverWait(self.driver,timeout,frequency).until(EC.visibility_of_element_located(loc))
  File "E:\Python3\lib\site-packages\selenium\webdriver\support\wait.py", line 80, in until
    raise TimeoutException(message, screen, stacktrace)
selenium.common.exceptions.TimeoutException: Message: 

2019-11-18 14:40:48,578 -  common.basepage -INFO - 网页截图成功。图片存储在：D:\B2B\Outputs\screenshots/搜索商品_2019-11-18 14_40_47.png - [basepage.py:184 ]
2019-11-18 14:40:48,682 -  common.basepage -INFO - 等待元素 ('xpath', '//input[@class="s-input"]') 可见。 - [basepage.py:24 ]
