2019-11-18 16:09:38,585 -  common.basepage -INFO - 等待元素 ('xpath', '//button[@class="ant-btn ant-btn-primary"]') 可见。 - [basepage.py:24 ]
2019-11-18 16:09:38,585 -  common.basepage -ERROR - 等待元素可见失败： - [basepage.py:35 ]
Traceback (most recent call last):
  File "D:\B2B\common\basepage.py", line 28, in wait_eleVisible
    WebDriverWait(self.driver,timeout,frequency).until(EC.visibility_of_element_located(loc))
  File "E:\Python3\lib\site-packages\selenium\webdriver\support\wait.py", line 71, in until
    value = method(self._driver)
  File "E:\Python3\lib\site-packages\selenium\webdriver\support\expected_conditions.py", line 128, in __call__
    return _element_if_visible(_find_element(driver, self.locator))
  File "E:\Python3\lib\site-packages\selenium\webdriver\support\expected_conditions.py", line 411, in _find_element
    return driver.find_element(*by)
AttributeError: 'generator' object has no attribute 'find_element'
2019-11-18 16:09:38,586 -  common.basepage -ERROR - 网页截屏失败！ - [basepage.py:186 ]
Traceback (most recent call last):
  File "D:\B2B\common\basepage.py", line 28, in wait_eleVisible
    WebDriverWait(self.driver,timeout,frequency).until(EC.visibility_of_element_located(loc))
  File "E:\Python3\lib\site-packages\selenium\webdriver\support\wait.py", line 71, in until
    value = method(self._driver)
  File "E:\Python3\lib\site-packages\selenium\webdriver\support\expected_conditions.py", line 128, in __call__
    return _element_if_visible(_find_element(driver, self.locator))
  File "E:\Python3\lib\site-packages\selenium\webdriver\support\expected_conditions.py", line 411, in _find_element
    return driver.find_element(*by)
AttributeError: 'generator' object has no attribute 'find_element'

During handling of the above exception, another exception occurred:

Traceback (most recent call last):
  File "D:\B2B\common\basepage.py", line 183, in save_web_screenshot
    self.driver.save_screenshot(screenshot_dir +"/" + filepath)
AttributeError: 'generator' object has no attribute 'save_screenshot'
2019-11-18 16:09:45,834 -  common.basepage -INFO - 等待元素 ('xpath', '//input[@name="phone"]') 可见。 - [basepage.py:24 ]
2019-11-18 16:09:45,880 -  common.basepage -INFO - 开始等待时间点：2019-11-18 16:09:45.835661，结束等待时间点：2019-11-18 16:09:45.880666，等待时长为：0:00:00.045005 - [basepage.py:32 ]
2019-11-18 16:09:45,880 -  common.basepage -INFO - 查找 输入手机号 中的元素 ('xpath', '//input[@name="phone"]')  - [basepage.py:64 ]
2019-11-18 16:09:45,897 -  common.basepage -INFO -  给元素 ('xpath', '//input[@name="phone"]') 输入文本内容:('17625188013',) - [basepage.py:122 ]
2019-11-18 16:09:46,165 -  common.basepage -INFO - 等待元素 ('xpath', '//input[@name="phoneCode"]') 可见。 - [basepage.py:24 ]
2019-11-18 16:09:46,192 -  common.basepage -INFO - 开始等待时间点：2019-11-18 16:09:46.165694，结束等待时间点：2019-11-18 16:09:46.192697，等待时长为：0:00:00.027003 - [basepage.py:32 ]
2019-11-18 16:09:46,192 -  common.basepage -INFO - 查找 输入验证码 中的元素 ('xpath', '//input[@name="phoneCode"]')  - [basepage.py:64 ]
2019-11-18 16:09:46,200 -  common.basepage -INFO -  给元素 ('xpath', '//input[@name="phoneCode"]') 输入文本内容:('sD2q',) - [basepage.py:122 ]
2019-11-18 16:09:46,259 -  common.basepage -INFO - 等待元素 ('xpath', '//a[@class="login"]') 可见。 - [basepage.py:24 ]
2019-11-18 16:09:46,294 -  common.basepage -INFO - 开始等待时间点：2019-11-18 16:09:46.260704，结束等待时间点：2019-11-18 16:09:46.294707，等待时长为：0:00:00.034003 - [basepage.py:32 ]
2019-11-18 16:09:46,294 -  common.basepage -INFO - 查找 登录 中的元素 ('xpath', '//a[@class="login"]')  - [basepage.py:64 ]
2019-11-18 16:09:46,302 -  common.basepage -INFO -  点击元素 ('xpath', '//a[@class="login"]') - [basepage.py:89 ]
2019-11-18 16:09:55,932 -  common.basepage -INFO - 等待元素 ('xpath', '//input[@class="s-input"]') 可见。 - [basepage.py:24 ]
2019-11-18 16:09:55,958 -  common.basepage -INFO - 开始等待时间点：2019-11-18 16:09:55.932671，结束等待时间点：2019-11-18 16:09:55.958674，等待时长为：0:00:00.026003 - [basepage.py:32 ]
2019-11-18 16:09:55,959 -  common.basepage -INFO - 查找 搜索商品 中的元素 ('xpath', '//input[@class="s-input"]')  - [basepage.py:64 ]
2019-11-18 16:09:55,967 -  common.basepage -INFO -  给元素 ('xpath', '//input[@class="s-input"]') 输入文本内容:('NEO小黑环半年抛彩色隐形眼镜1片装', '\ue007') - [basepage.py:122 ]
2019-11-18 16:09:59,032 -  common.basepage -INFO - 点击('xpath', '//a[@href="https://www.yjq.com/product/1544773775205.html"]')元素，出现进入隐形商品详情页并切换窗口弹框 - [basepage.py:197 ]
2019-11-18 16:09:59,032 -  common.basepage -INFO - 获取窗口数。 - [basepage.py:198 ]
2019-11-18 16:09:59,032 -  common.basepage -INFO - 等待元素 ('xpath', '//a[@href="https://www.yjq.com/product/1544773775205.html"]') 可见。 - [basepage.py:24 ]
2019-11-18 16:09:59,063 -  common.basepage -INFO - 开始等待时间点：2019-11-18 16:09:59.032981，结束等待时间点：2019-11-18 16:09:59.063984，等待时长为：0:00:00.031003 - [basepage.py:32 ]
2019-11-18 16:09:59,063 -  common.basepage -INFO - 查找 进入隐形商品详情页并切换窗口 中的元素 ('xpath', '//a[@href="https://www.yjq.com/product/1544773775205.html"]')  - [basepage.py:64 ]
2019-11-18 16:09:59,070 -  common.basepage -INFO -  点击元素 ('xpath', '//a[@href="https://www.yjq.com/product/1544773775205.html"]') - [basepage.py:89 ]
2019-11-18 16:09:59,206 -  common.basepage -INFO - 进入新页面 - [basepage.py:203 ]
2019-11-18 16:10:05,744 -  common.basepage -INFO - 等待元素 ('xpath', '//span[text()="星空紫"]') 可见。 - [basepage.py:24 ]
2019-11-18 16:10:05,779 -  common.basepage -INFO - 开始等待时间点：2019-11-18 16:10:05.744652，结束等待时间点：2019-11-18 16:10:05.779656，等待时长为：0:00:00.035004 - [basepage.py:32 ]
2019-11-18 16:10:05,779 -  common.basepage -INFO - 查找 选择花色 中的元素 ('xpath', '//span[text()="星空紫"]')  - [basepage.py:64 ]
2019-11-18 16:10:05,788 -  common.basepage -INFO -  点击元素 ('xpath', '//span[text()="星空紫"]') - [basepage.py:89 ]
2019-11-18 16:10:05,831 -  common.basepage -INFO - 等待元素 ('xpath', '//tr[@skuid="6508964602909294595"]/td/span/button[@class="skuAdd skuRA"]') 可见。 - [basepage.py:24 ]
2019-11-18 16:10:06,374 -  common.basepage -INFO - 开始等待时间点：2019-11-18 16:10:05.831661，结束等待时间点：2019-11-18 16:10:06.374715，等待时长为：0:00:00.543054 - [basepage.py:32 ]
2019-11-18 16:10:06,375 -  common.basepage -INFO - 查找 选择度数即数量 中的元素 ('xpath', '//tr[@skuid="6508964602909294595"]/td/span/button[@class="skuAdd skuRA"]')  - [basepage.py:64 ]
2019-11-18 16:10:06,383 -  common.basepage -INFO -  点击元素 ('xpath', '//tr[@skuid="6508964602909294595"]/td/span/button[@class="skuAdd skuRA"]') - [basepage.py:89 ]
2019-11-18 16:10:06,428 -  common.basepage -INFO - 等待元素 ('xpath', '//button[@class="add-car"]') 可见。 - [basepage.py:24 ]
2019-11-18 16:10:06,459 -  common.basepage -INFO - 开始等待时间点：2019-11-18 16:10:06.428721，结束等待时间点：2019-11-18 16:10:06.459724，等待时长为：0:00:00.031003 - [basepage.py:32 ]
2019-11-18 16:10:06,459 -  common.basepage -INFO - 查找 加入购物车 中的元素 ('xpath', '//button[@class="add-car"]')  - [basepage.py:64 ]
2019-11-18 16:10:06,467 -  common.basepage -INFO -  点击元素 ('xpath', '//button[@class="add-car"]') - [basepage.py:89 ]
2019-11-18 16:10:07,604 -  common.basepage -INFO - 等待元素 ('xpath', '//input[@class="s-input"]') 可见。 - [basepage.py:24 ]
2019-11-18 16:10:07,629 -  common.basepage -INFO - 开始等待时间点：2019-11-18 16:10:07.605838，结束等待时间点：2019-11-18 16:10:07.629841，等待时长为：0:00:00.024003 - [basepage.py:32 ]
2019-11-18 16:10:07,630 -  common.basepage -INFO - 查找 搜索商品 中的元素 ('xpath', '//input[@class="s-input"]')  - [basepage.py:64 ]
2019-11-18 16:10:07,637 -  common.basepage -INFO -  给元素 ('xpath', '//input[@class="s-input"]') 输入文本内容:('卫康新视多功能隐形眼镜护理液125ml', '\ue007') - [basepage.py:122 ]
2019-11-18 16:10:10,628 -  common.basepage -INFO - 点击('xpath', '//a[@href="https://www.yjq.com/product/1805041333.html"]')元素，出现进入护理商品详情页面并切换窗口弹框 - [basepage.py:197 ]
2019-11-18 16:10:10,629 -  common.basepage -INFO - 获取窗口数。 - [basepage.py:198 ]
2019-11-18 16:10:10,629 -  common.basepage -INFO - 等待元素 ('xpath', '//a[@href="https://www.yjq.com/product/1805041333.html"]') 可见。 - [basepage.py:24 ]
2019-11-18 16:10:10,674 -  common.basepage -INFO - 开始等待时间点：2019-11-18 16:10:10.630141，结束等待时间点：2019-11-18 16:10:10.674145，等待时长为：0:00:00.044004 - [basepage.py:32 ]
2019-11-18 16:10:10,674 -  common.basepage -INFO - 查找 进入护理商品详情页面并切换窗口 中的元素 ('xpath', '//a[@href="https://www.yjq.com/product/1805041333.html"]')  - [basepage.py:64 ]
2019-11-18 16:10:10,683 -  common.basepage -INFO -  点击元素 ('xpath', '//a[@href="https://www.yjq.com/product/1805041333.html"]') - [basepage.py:89 ]
2019-11-18 16:10:10,784 -  common.basepage -INFO - 进入新页面 - [basepage.py:203 ]
2019-11-18 16:10:15,350 -  common.basepage -INFO - 等待元素 ('xpath', '//input[@class="detailsCglNum"]') 可见。 - [basepage.py:24 ]
2019-11-18 16:10:15,382 -  common.basepage -INFO - 开始等待时间点：2019-11-18 16:10:15.350613，结束等待时间点：2019-11-18 16:10:15.382616，等待时长为：0:00:00.032003 - [basepage.py:32 ]
2019-11-18 16:10:15,382 -  common.basepage -INFO - 查找 选择数量 中的元素 ('xpath', '//input[@class="detailsCglNum"]')  - [basepage.py:64 ]
2019-11-18 16:10:15,390 -  common.basepage -INFO -  给元素 ('xpath', '//input[@class="detailsCglNum"]') 输入文本内容:('1',) - [basepage.py:122 ]
2019-11-18 16:10:15,430 -  common.basepage -INFO - 等待元素 ('xpath', '//button[@class="add-car"]') 可见。 - [basepage.py:24 ]
2019-11-18 16:10:15,465 -  common.basepage -INFO - 开始等待时间点：2019-11-18 16:10:15.430621，结束等待时间点：2019-11-18 16:10:15.465624，等待时长为：0:00:00.035003 - [basepage.py:32 ]
2019-11-18 16:10:15,465 -  common.basepage -INFO - 查找 加入购物车 中的元素 ('xpath', '//button[@class="add-car"]')  - [basepage.py:64 ]
2019-11-18 16:10:15,475 -  common.basepage -INFO -  点击元素 ('xpath', '//button[@class="add-car"]') - [basepage.py:89 ]
2019-11-18 16:10:16,611 -  common.basepage -INFO - 等待元素 ('xpath', '//input[@class="s-input"]') 可见。 - [basepage.py:24 ]
2019-11-18 16:10:16,632 -  common.basepage -INFO - 开始等待时间点：2019-11-18 16:10:16.611739，结束等待时间点：2019-11-18 16:10:16.632741，等待时长为：0:00:00.021002 - [basepage.py:32 ]
2019-11-18 16:10:16,633 -  common.basepage -INFO - 查找 搜索商品 中的元素 ('xpath', '//input[@class="s-input"]')  - [basepage.py:64 ]
2019-11-18 16:10:16,641 -  common.basepage -INFO -  给元素 ('xpath', '//input[@class="s-input"]') 输入文本内容:('【定制片】酷视远视散光隐形眼镜定制片半年抛1片装', '\ue007') - [basepage.py:122 ]
2019-11-18 16:10:19,491 -  common.basepage -INFO - 点击('xpath', '//a[@href="https://www.yjq.com/product/1544773746114.html"]')元素，出现进入定制商品详情页面并切换窗口弹框 - [basepage.py:197 ]
2019-11-18 16:10:19,492 -  common.basepage -INFO - 获取窗口数。 - [basepage.py:198 ]
2019-11-18 16:10:19,492 -  common.basepage -INFO - 等待元素 ('xpath', '//a[@href="https://www.yjq.com/product/1544773746114.html"]') 可见。 - [basepage.py:24 ]
2019-11-18 16:10:19,515 -  common.basepage -INFO - 开始等待时间点：2019-11-18 16:10:19.492027，结束等待时间点：2019-11-18 16:10:19.515029，等待时长为：0:00:00.023002 - [basepage.py:32 ]
2019-11-18 16:10:19,515 -  common.basepage -INFO - 查找 进入定制商品详情页面并切换窗口 中的元素 ('xpath', '//a[@href="https://www.yjq.com/product/1544773746114.html"]')  - [basepage.py:64 ]
2019-11-18 16:10:19,523 -  common.basepage -INFO -  点击元素 ('xpath', '//a[@href="https://www.yjq.com/product/1544773746114.html"]') - [basepage.py:89 ]
2019-11-18 16:10:19,652 -  common.basepage -INFO - 进入新页面 - [basepage.py:203 ]
2019-11-18 16:10:24,212 -  common.basepage -INFO - 等待元素 ('xpath', '//td[@attributename="左右眼"]/input') 可见。 - [basepage.py:24 ]
2019-11-18 16:10:24,242 -  common.basepage -INFO - 开始等待时间点：2019-11-18 16:10:24.212499，结束等待时间点：2019-11-18 16:10:24.242502，等待时长为：0:00:00.030003 - [basepage.py:32 ]
2019-11-18 16:10:24,242 -  common.basepage -INFO - 查找 选择左右眼 中的元素 ('xpath', '//td[@attributename="左右眼"]/input')  - [basepage.py:64 ]
2019-11-18 16:10:24,250 -  common.basepage -INFO -  给元素 ('xpath', '//td[@attributename="左右眼"]/input') 输入文本内容:('右眼（R）',) - [basepage.py:122 ]
2019-11-18 16:10:24,349 -  common.basepage -INFO - 等待元素 ('xpath', '//td[@attributename="定制球镜"]/input') 可见。 - [basepage.py:24 ]
2019-11-18 16:10:24,374 -  common.basepage -INFO - 开始等待时间点：2019-11-18 16:10:24.350513，结束等待时间点：2019-11-18 16:10:24.374515，等待时长为：0:00:00.024002 - [basepage.py:32 ]
2019-11-18 16:10:24,374 -  common.basepage -INFO - 查找 选择定制球镜 中的元素 ('xpath', '//td[@attributename="定制球镜"]/input')  - [basepage.py:64 ]
2019-11-18 16:10:24,383 -  common.basepage -INFO -  给元素 ('xpath', '//td[@attributename="定制球镜"]/input') 输入文本内容:('+6.00',) - [basepage.py:122 ]
2019-11-18 16:10:24,463 -  common.basepage -INFO - 等待元素 ('xpath', '//td[@attributename="定制柱镜"]/input') 可见。 - [basepage.py:24 ]
2019-11-18 16:10:24,499 -  common.basepage -INFO - 开始等待时间点：2019-11-18 16:10:24.464524，结束等待时间点：2019-11-18 16:10:24.499527，等待时长为：0:00:00.035003 - [basepage.py:32 ]
2019-11-18 16:10:24,499 -  common.basepage -INFO - 查找 选择定制柱镜 中的元素 ('xpath', '//td[@attributename="定制柱镜"]/input')  - [basepage.py:64 ]
2019-11-18 16:10:24,512 -  common.basepage -INFO -  给元素 ('xpath', '//td[@attributename="定制柱镜"]/input') 输入文本内容:('-0.25',) - [basepage.py:122 ]
2019-11-18 16:10:24,581 -  common.basepage -INFO - 等待元素 ('xpath', '//td[@attributename="轴位"]/input') 可见。 - [basepage.py:24 ]
2019-11-18 16:10:24,608 -  common.basepage -INFO - 开始等待时间点：2019-11-18 16:10:24.581536，结束等待时间点：2019-11-18 16:10:24.608538，等待时长为：0:00:00.027002 - [basepage.py:32 ]
2019-11-18 16:10:24,608 -  common.basepage -INFO - 查找 选择轴位 中的元素 ('xpath', '//td[@attributename="轴位"]/input')  - [basepage.py:64 ]
2019-11-18 16:10:24,616 -  common.basepage -INFO -  给元素 ('xpath', '//td[@attributename="轴位"]/input') 输入文本内容:('170',) - [basepage.py:122 ]
2019-11-18 16:10:24,671 -  common.basepage -INFO - 等待元素 ('xpath', '//input[@class="skuNum"]') 可见。 - [basepage.py:24 ]
2019-11-18 16:10:24,697 -  common.basepage -INFO - 开始等待时间点：2019-11-18 16:10:24.672545，结束等待时间点：2019-11-18 16:10:24.697547，等待时长为：0:00:00.025002 - [basepage.py:32 ]
2019-11-18 16:10:24,698 -  common.basepage -INFO - 查找 选择数量 中的元素 ('xpath', '//input[@class="skuNum"]')  - [basepage.py:64 ]
2019-11-18 16:10:24,705 -  common.basepage -INFO -  给元素 ('xpath', '//input[@class="skuNum"]') 输入文本内容:('1',) - [basepage.py:122 ]
2019-11-18 16:10:26,771 -  common.basepage -INFO - 等待元素 ('xpath', '//button[@class="add-car"]') 可见。 - [basepage.py:24 ]
2019-11-18 16:10:26,824 -  common.basepage -INFO - 开始等待时间点：2019-11-18 16:10:26.771755，结束等待时间点：2019-11-18 16:10:26.824760，等待时长为：0:00:00.053005 - [basepage.py:32 ]
2019-11-18 16:10:26,824 -  common.basepage -INFO - 查找 加入购物车 中的元素 ('xpath', '//button[@class="add-car"]')  - [basepage.py:64 ]
2019-11-18 16:10:26,835 -  common.basepage -INFO -  点击元素 ('xpath', '//button[@class="add-car"]') - [basepage.py:89 ]
2019-11-18 16:10:27,959 -  common.basepage -INFO - 等待元素 ('xpath', '//a[@href="https://cart.yjq.com/shoppingCart"]') 可见。 - [basepage.py:24 ]
2019-11-18 16:10:27,987 -  common.basepage -INFO - 开始等待时间点：2019-11-18 16:10:27.960874，结束等待时间点：2019-11-18 16:10:27.987876，等待时长为：0:00:00.027002 - [basepage.py:32 ]
2019-11-18 16:10:27,988 -  common.basepage -INFO - 查找 进入购物车 中的元素 ('xpath', '//a[@href="https://cart.yjq.com/shoppingCart"]')  - [basepage.py:64 ]
2019-11-18 16:10:27,997 -  common.basepage -INFO -  点击元素 ('xpath', '//a[@href="https://cart.yjq.com/shoppingCart"]') - [basepage.py:89 ]
2019-11-18 16:10:30,106 -  common.basepage -INFO - 查找 勾选商品 中的元素 ('xpath', '//span[text()="赛目光学"]/parent::div/span/label/span/input')  - [basepage.py:64 ]
2019-11-18 16:10:30,126 -  common.basepage -INFO -  点击元素 ('xpath', '//span[text()="赛目光学"]/parent::div/span/label/span/input') - [basepage.py:106 ]
2019-11-18 16:10:30,487 -  common.basepage -INFO - 等待元素 ('xpath', '//li[text()="去结算"]') 可见。 - [basepage.py:24 ]
2019-11-18 16:10:30,515 -  common.basepage -INFO - 开始等待时间点：2019-11-18 16:10:30.487126，结束等待时间点：2019-11-18 16:10:30.515129，等待时长为：0:00:00.028003 - [basepage.py:32 ]
2019-11-18 16:10:30,516 -  common.basepage -INFO - 查找 去结算 中的元素 ('xpath', '//li[text()="去结算"]')  - [basepage.py:64 ]
2019-11-18 16:10:30,524 -  common.basepage -INFO -  点击元素 ('xpath', '//li[text()="去结算"]') - [basepage.py:89 ]
2019-11-18 16:10:32,591 -  common.basepage -INFO - 等待元素 ('xpath', '//textarea') 可见。 - [basepage.py:24 ]
2019-11-18 16:10:32,639 -  common.basepage -INFO - 开始等待时间点：2019-11-18 16:10:32.591337，结束等待时间点：2019-11-18 16:10:32.639341，等待时长为：0:00:00.048004 - [basepage.py:32 ]
2019-11-18 16:10:32,639 -  common.basepage -INFO - 查找 输入留言 中的元素 ('xpath', '//textarea')  - [basepage.py:64 ]
2019-11-18 16:10:32,649 -  common.basepage -INFO -  给元素 ('xpath', '//textarea') 输入文本内容:('网管查房',) - [basepage.py:122 ]
2019-11-18 16:10:33,004 -  common.basepage -INFO - 等待元素 ('xpath', '//div[text()="确认采购"]') 可见。 - [basepage.py:24 ]
2019-11-18 16:10:33,058 -  common.basepage -INFO - 开始等待时间点：2019-11-18 16:10:33.004378，结束等待时间点：2019-11-18 16:10:33.058383，等待时长为：0:00:00.054005 - [basepage.py:32 ]
2019-11-18 16:10:33,058 -  common.basepage -INFO - 查找 生成订单 中的元素 ('xpath', '//div[text()="确认采购"]')  - [basepage.py:64 ]
2019-11-18 16:10:33,068 -  common.basepage -INFO -  点击元素 ('xpath', '//div[text()="确认采购"]') - [basepage.py:89 ]
2019-11-18 16:10:36,353 -  common.basepage -INFO - 查找 进入待付款列表 中的元素 ('xpath', '//li[text()="待付款"]')  - [basepage.py:64 ]
2019-11-18 16:10:36,373 -  common.basepage -INFO -  点击元素 ('xpath', '//li[text()="待付款"]') - [basepage.py:106 ]
2019-11-18 16:10:36,486 -  common.basepage -INFO - 等待元素 ('xpath', '//li[text()="待付款"]/span[@class="ml4 colorRed"]') 可见。 - [basepage.py:24 ]
2019-11-18 16:10:36,512 -  common.basepage -INFO - 开始等待时间点：2019-11-18 16:10:36.487726，结束等待时间点：2019-11-18 16:10:36.512729，等待时长为：0:00:00.025003 - [basepage.py:32 ]
2019-11-18 16:10:36,513 -  common.basepage -INFO - 查找 获取待付款数字 中的元素 ('xpath', '//li[text()="待付款"]/span[@class="ml4 colorRed"]')  - [basepage.py:64 ]
2019-11-18 16:10:36,549 -  common.basepage -INFO - 获取元素 ('xpath', '//li[text()="待付款"]/span[@class="ml4 colorRed"]') 的文件值为:1 - [basepage.py:169 ]
2019-11-18 16:10:36,549 -  common.basepage -INFO - 等待元素 ('xpath', '//a[text()="取消订单"]') 可见。 - [basepage.py:24 ]
2019-11-18 16:10:36,587 -  common.basepage -INFO - 开始等待时间点：2019-11-18 16:10:36.549732，结束等待时间点：2019-11-18 16:10:36.587736，等待时长为：0:00:00.038004 - [basepage.py:32 ]
2019-11-18 16:10:36,588 -  common.basepage -INFO - 查找 取消订单 中的元素 ('xpath', '//a[text()="取消订单"]')  - [basepage.py:64 ]
2019-11-18 16:10:36,602 -  common.basepage -INFO -  点击元素 ('xpath', '//a[text()="取消订单"]') - [basepage.py:89 ]
2019-11-18 16:10:36,725 -  common.basepage -INFO - 等待元素 ('xpath', '//button[@class="ant-btn ant-btn-primary ant-btn-sm"]') 可见。 - [basepage.py:24 ]
2019-11-18 16:10:37,291 -  common.basepage -INFO - 开始等待时间点：2019-11-18 16:10:36.725750，结束等待时间点：2019-11-18 16:10:37.291807，等待时长为：0:00:00.566057 - [basepage.py:32 ]
2019-11-18 16:10:37,291 -  common.basepage -INFO - 查找 确认 中的元素 ('xpath', '//button[@class="ant-btn ant-btn-primary ant-btn-sm"]')  - [basepage.py:64 ]
2019-11-18 16:10:37,303 -  common.basepage -INFO -  点击元素 ('xpath', '//button[@class="ant-btn ant-btn-primary ant-btn-sm"]') - [basepage.py:89 ]
